[debug] [2024-10-05T06:50:31.930Z] ----------------------------------------------------------------------
[debug] [2024-10-05T06:50:31.932Z] Command:       /usr/local/bin/node /usr/local/bin/firebase emulators:start --only functions
[debug] [2024-10-05T06:50:31.932Z] CLI Version:   13.17.0
[debug] [2024-10-05T06:50:31.932Z] Platform:      darwin
[debug] [2024-10-05T06:50:31.933Z] Node Version:  v18.16.0
[debug] [2024-10-05T06:50:31.938Z] Time:          Sat Oct 05 2024 08:50:31 GMT+0200 (Central European Summer Time)
[debug] [2024-10-05T06:50:31.938Z] ----------------------------------------------------------------------
[debug] 
[debug] [2024-10-05T06:50:31.941Z] >>> [apiv2][query] GET https://firebase-public.firebaseio.com/cli.json [none]
[debug] [2024-10-05T06:50:32.074Z] > command requires scopes: ["email","openid","https://www.googleapis.com/auth/cloudplatformprojects.readonly","https://www.googleapis.com/auth/firebase","https://www.googleapis.com/auth/cloud-platform"]
[debug] [2024-10-05T06:50:32.075Z] > authorizing via signed-in user (ivashchenko.pavel@gmail.com)
[info] i  emulators: Starting emulators: functions {"metadata":{"emulator":{"name":"hub"},"message":"Starting emulators: functions"}}
[debug] [2024-10-05T06:50:32.799Z] [logging] Logging Emulator only supports listening on one address (127.0.0.1). Not listening on ::1
[debug] [2024-10-05T06:50:32.800Z] assigned listening specs for emulators {"user":{"hub":[{"address":"127.0.0.1","family":"IPv4","port":4400},{"address":"::1","family":"IPv6","port":4400}],"ui":[{"address":"127.0.0.1","family":"IPv4","port":4000},{"address":"::1","family":"IPv6","port":4000}],"logging":[{"address":"127.0.0.1","family":"IPv4","port":4500}]},"metadata":{"message":"assigned listening specs for emulators"}}
[debug] [2024-10-05T06:50:32.804Z] [hub] writing locator at /var/folders/84/_sb3rfjx0yv76q8zw3rmmm2h0000gn/T/hub-u-kirche.json
[debug] [2024-10-05T06:50:33.639Z] [functions] Functions Emulator only supports listening on one address (127.0.0.1). Not listening on ::1
[debug] [2024-10-05T06:50:33.640Z] [eventarc] Eventarc Emulator only supports listening on one address (127.0.0.1). Not listening on ::1
[debug] [2024-10-05T06:50:33.640Z] [tasks] Cloud Tasks Emulator only supports listening on one address (127.0.0.1). Not listening on ::1
[debug] [2024-10-05T06:50:33.640Z] late-assigned ports for functions and eventarc emulators {"user":{"hub":[{"address":"127.0.0.1","family":"IPv4","port":4400},{"address":"::1","family":"IPv6","port":4400}],"ui":[{"address":"127.0.0.1","family":"IPv4","port":4000},{"address":"::1","family":"IPv6","port":4000}],"logging":[{"address":"127.0.0.1","family":"IPv4","port":4500}],"functions":[{"address":"127.0.0.1","family":"IPv4","port":5001}],"eventarc":[{"address":"127.0.0.1","family":"IPv4","port":9299}],"tasks":[{"address":"127.0.0.1","family":"IPv4","port":9499}]},"metadata":{"message":"late-assigned ports for functions and eventarc emulators"}}
[warn] ⚠  functions: The following emulators are not running, calls to these services from the Functions emulator will affect production: auth, firestore, database, hosting, pubsub, storage, dataconnect {"metadata":{"emulator":{"name":"functions"},"message":"The following emulators are not running, calls to these services from the Functions emulator will affect production: \u001b[1mauth, firestore, database, hosting, pubsub, storage, dataconnect\u001b[22m"}}
[debug] [2024-10-05T06:50:33.644Z] defaultcredentials: writing to file /Users/pavelivashchenko/.config/firebase/ivashchenko_pavel_gmail.com_application_default_credentials.json
[debug] [2024-10-05T06:50:33.658Z] Setting GAC to /Users/pavelivashchenko/.config/firebase/ivashchenko_pavel_gmail.com_application_default_credentials.json {"metadata":{"emulator":{"name":"functions"},"message":"Setting GAC to /Users/pavelivashchenko/.config/firebase/ivashchenko_pavel_gmail.com_application_default_credentials.json"}}
[debug] [2024-10-05T06:50:33.659Z] > refreshing access token with scopes: []
[debug] [2024-10-05T06:50:33.662Z] >>> [apiv2][query] POST https://www.googleapis.com/oauth2/v3/token [none]
[debug] [2024-10-05T06:50:33.662Z] >>> [apiv2][body] POST https://www.googleapis.com/oauth2/v3/token [omitted]
[debug] [2024-10-05T06:50:33.824Z] <<< [apiv2][status] POST https://www.googleapis.com/oauth2/v3/token 200
[debug] [2024-10-05T06:50:33.824Z] <<< [apiv2][body] POST https://www.googleapis.com/oauth2/v3/token [omitted]
[debug] [2024-10-05T06:50:33.873Z] >>> [apiv2][query] GET https://firebase.googleapis.com/v1beta1/projects/u-kirche/adminSdkConfig [none]
[debug] [2024-10-05T06:50:33.945Z] <<< [apiv2][status] GET https://firebase-public.firebaseio.com/cli.json 200
[debug] [2024-10-05T06:50:33.945Z] <<< [apiv2][body] GET https://firebase-public.firebaseio.com/cli.json {"cloudBuildErrorAfter":1594252800000,"cloudBuildWarnAfter":1590019200000,"defaultNode10After":1594252800000,"minVersion":"3.0.5","node8DeploysDisabledAfter":1613390400000,"node8RuntimeDisabledAfter":1615809600000,"node8WarnAfter":1600128000000}
[debug] [2024-10-05T06:50:34.294Z] <<< [apiv2][status] GET https://firebase.googleapis.com/v1beta1/projects/u-kirche/adminSdkConfig 200
[debug] [2024-10-05T06:50:34.294Z] <<< [apiv2][body] GET https://firebase.googleapis.com/v1beta1/projects/u-kirche/adminSdkConfig {"projectId":"u-kirche","storageBucket":"u-kirche.appspot.com"}
[debug] [2024-10-05T06:50:34.325Z] Ignoring unsupported arg: auto_download {"metadata":{"emulator":{"name":"ui"},"message":"Ignoring unsupported arg: auto_download"}}
[debug] [2024-10-05T06:50:34.326Z] Ignoring unsupported arg: port {"metadata":{"emulator":{"name":"ui"},"message":"Ignoring unsupported arg: port"}}
[debug] [2024-10-05T06:50:34.326Z] Starting Emulator UI with command {"binary":"node","args":["/Users/pavelivashchenko/.cache/firebase/emulators/ui-v1.13.0/server/server.mjs"],"optionalArgs":[],"joinArgs":false,"shell":false} {"metadata":{"emulator":{"name":"ui"},"message":"Starting Emulator UI with command {\"binary\":\"node\",\"args\":[\"/Users/pavelivashchenko/.cache/firebase/emulators/ui-v1.13.0/server/server.mjs\"],\"optionalArgs\":[],\"joinArgs\":false,\"shell\":false}"}}
[info] i  ui: Emulator UI logging to ui-debug.log {"metadata":{"emulator":{"name":"ui"},"message":"Emulator UI logging to \u001b[1mui-debug.log\u001b[22m"}}
[debug] [2024-10-05T06:50:34.479Z] Web / API server started at 127.0.0.1:4000
 {"metadata":{"emulator":{"name":"ui"},"message":"Web / API server started at 127.0.0.1:4000\n"}}
[debug] [2024-10-05T06:50:34.479Z] Web / API server started at ::1:4000
 {"metadata":{"emulator":{"name":"ui"},"message":"Web / API server started at ::1:4000\n"}}
[info] i  functions: Watching "/Users/pavelivashchenko/Developer/u-kirche-be/functions" for Cloud Functions... {"metadata":{"emulator":{"name":"functions"},"message":"Watching \"/Users/pavelivashchenko/Developer/u-kirche-be/functions\" for Cloud Functions..."}}
[debug] [2024-10-05T06:50:34.551Z] Validating nodejs source
[debug] [2024-10-05T06:50:35.337Z] > [functions] package.json contents: {
  "name": "firebase-node-js-rest-api-example",
  "description": "A backend API example to be used as template for Firebase projects.",
  "main": "dist/index.js",
  "scripts": {
    "build": "node_modules/.bin/rimraf ./dist && npx tsc",
    "serve": "nodemon -e ts --exec \"npm run build && firebase emulators:start --only functions\""
  },
  "keywords": [
    "firebase",
    "firestore",
    "authentication",
    "typescript",
    "api",
    "server",
    "backend"
  ],
  "author": "",
  "license": "ISC",
  "dependencies": {
    "body-parser": "^1.20.2",
    "cors": "^2.8.5",
    "express": "^4.18.2",
    "firebase-admin": "^12.6.0",
    "firebase-functions": "^6.0.1"
  },
  "devDependencies": {
    "@types/express": "^4.17.21",
    "@types/node": "^20.10.0",
    "nodemon": "^3.0.1",
    "rimraf": "^5.0.5",
    "ts-node": "^10.9.1",
    "typescript": "^5.3.2"
  }
}
[debug] [2024-10-05T06:50:35.337Z] Building nodejs source
[debug] [2024-10-05T06:50:35.337Z] Failed to find version of module node: reached end of search path /Users/pavelivashchenko/Developer/u-kirche-be/functions/node_modules
[warn] ⚠  functions: Your requested "node" version "22" doesn't match your global version "18". Using node@18 from host. 
[debug] [2024-10-05T06:50:35.340Z] Could not find functions.yaml. Must use http discovery
[debug] [2024-10-05T06:50:35.348Z] Found firebase-functions binary at '/Users/pavelivashchenko/Developer/u-kirche-be/functions/node_modules/.bin/firebase-functions'
[info] Serving at port 8722

[info] {"severity":"INFO","message":"App was initialized"}

[debug] [2024-10-05T06:50:36.057Z] Got response from /__/functions.yaml {"endpoints":{"api":{"availableMemoryMb":null,"timeoutSeconds":null,"minInstances":null,"maxInstances":null,"ingressSettings":null,"concurrency":null,"serviceAccountEmail":null,"vpc":null,"platform":"gcfv2","secretEnvironmentVariables":[{"key":"ADMIN_KEY"}],"labels":{},"httpsTrigger":{},"entryPoint":"api"},"onProductCreated":{"availableMemoryMb":null,"timeoutSeconds":null,"minInstances":null,"maxInstances":null,"ingressSettings":null,"concurrency":null,"serviceAccountEmail":null,"vpc":null,"platform":"gcfv2","labels":{},"eventTrigger":{"eventType":"google.cloud.firestore.document.v1.created","eventFilters":{"database":"(default)","namespace":"(default)"},"eventFilterPathPatterns":{"document":"products/{productId}"},"retry":false},"entryPoint":"onProductCreated"},"onProductUpdated":{"availableMemoryMb":null,"timeoutSeconds":null,"minInstances":null,"maxInstances":null,"ingressSettings":null,"concurrency":null,"serviceAccountEmail":null,"vpc":null,"platform":"gcfv2","labels":{},"eventTrigger":{"eventType":"google.cloud.firestore.document.v1.updated","eventFilters":{"database":"(default)","namespace":"(default)"},"eventFilterPathPatterns":{"document":"products/{productId}"},"retry":false},"entryPoint":"onProductUpdated"},"onUserCreated":{"availableMemoryMb":null,"timeoutSeconds":null,"minInstances":null,"maxInstances":null,"ingressSettings":null,"concurrency":null,"serviceAccountEmail":null,"vpc":null,"platform":"gcfv2","labels":{},"eventTrigger":{"eventType":"google.cloud.firestore.document.v1.created","eventFilters":{"database":"(default)","namespace":"(default)"},"eventFilterPathPatterns":{"document":"users/{userId}"},"retry":false},"entryPoint":"onUserCreated"}},"specVersion":"v1alpha1","requiredAPIs":[],"extensions":{}}
[info] ✔  functions: Loaded functions definitions from source: api, onProductCreated, onProductUpdated, onUserCreated. {"metadata":{"emulator":{"name":"functions"},"message":"Loaded functions definitions from source: api, onProductCreated, onProductUpdated, onUserCreated."}}
[info] ✔  functions[us-central1-api]: http function initialized (http://127.0.0.1:5001/u-kirche/us-central1/api). {"metadata":{"emulator":{"name":"functions"},"message":"\u001b[1mhttp\u001b[22m function initialized (http://127.0.0.1:5001/u-kirche/us-central1/api)."}}
[info] i  functions[us-central1-onProductCreated]: function ignored because the firestore emulator does not exist or is not running. {"metadata":{"emulator":{"name":"functions"},"message":"function ignored because the firestore emulator does not exist or is not running."}}
[info] i  functions[us-central1-onProductUpdated]: function ignored because the firestore emulator does not exist or is not running. {"metadata":{"emulator":{"name":"functions"},"message":"function ignored because the firestore emulator does not exist or is not running."}}
[info] i  functions[us-central1-onUserCreated]: function ignored because the firestore emulator does not exist or is not running. {"metadata":{"emulator":{"name":"functions"},"message":"function ignored because the firestore emulator does not exist or is not running."}}
[info] 
┌─────────────────────────────────────────────────────────────┐
│ ✔  All emulators ready! It is now safe to connect your app. │
│ i  View Emulator UI at http://127.0.0.1:4000/               │
└─────────────────────────────────────────────────────────────┘

┌───────────┬────────────────┬─────────────────────────────────┐
│ Emulator  │ Host:Port      │ View in Emulator UI             │
├───────────┼────────────────┼─────────────────────────────────┤
│ Functions │ 127.0.0.1:5001 │ http://127.0.0.1:4000/functions │
└───────────┴────────────────┴─────────────────────────────────┘
  Emulator Hub running at 127.0.0.1:4400
  Other reserved ports: 4500

Issues? Report them at https://github.com/firebase/firebase-tools/issues and attach the *-debug.log files.
 
[debug] [2024-10-05T06:53:39.274Z] File /Users/pavelivashchenko/Developer/u-kirche-be/functions/src/index.ts changed, reloading triggers {"metadata":{"emulator":{"name":"functions"},"message":"File /Users/pavelivashchenko/Developer/u-kirche-be/functions/src/index.ts changed, reloading triggers"}}
